<?xml version="1.0" encoding="UTF-8"?>
<testsuite name="org.springframework.core.env.PropertyPlaceholderConfigurerEnvironmentIntegrationTests" tests="1" skipped="0" failures="0" errors="0" timestamp="2019-07-24T21:19:42" hostname="Brians-MacBook-Pro.local" time="0.025">
  <properties/>
  <testcase name="test" classname="org.springframework.core.env.PropertyPlaceholderConfigurerEnvironmentIntegrationTests" time="0.025"/>
  <system-out><![CDATA[23:19:42.769 [Test worker] DEBUG o.s.c.s.GenericApplicationContext - Refreshing org.springframework.context.support.GenericApplicationContext@1c663340
23:19:42.769 [Test worker] DEBUG o.s.b.f.s.DefaultListableBeanFactory - Creating shared instance of singleton bean 'ppc'
23:19:42.789 [Test worker] DEBUG o.s.c.s.GenericApplicationContext - Closing org.springframework.context.support.GenericApplicationContext@1c663340, started on Wed Jul 24 23:19:42 CEST 2019
]]></system-out>
  <system-err><![CDATA[]]></system-err>
</testsuite>
